set -o pipefail; /usr/bin/mariadb-dump --user=_c27008045f8d09d2 --host=127.0.0.1 --port=3306 --password=********** --single-transaction --quick --lock-tables=false _c27008045f8d09d2 | /usr/bin/gzip >> ./scheduling.localhost/private/backups/20250402_060002-scheduling_localhost-database.sql.gz

Backup Summary for scheduling.localhost at 2025-04-02 06:00:03.530696
Config  : /home/netomil/frappe-bench/sites/scheduling.localhost/private/backups/20250402_060002-scheduling_localhost-site_config_backup.json 127.0B
Database: /home/netomil/frappe-bench/sites/scheduling.localhost/private/backups/20250402_060002-scheduling_localhost-database.sql.gz 228.9KiB
Backup for Site scheduling.localhost has been successfully completed
set -o pipefail; /usr/bin/mariadb-dump --user=_c27008045f8d09d2 --host=127.0.0.1 --port=3306 --password=********** --single-transaction --quick --lock-tables=false _c27008045f8d09d2 | /usr/bin/gzip >> ./scheduling.localhost/private/backups/20250403_000006-scheduling_localhost-database.sql.gz

Backup Summary for scheduling.localhost at 2025-04-03 00:00:08.303265
Config  : /home/netomil/frappe-bench/sites/scheduling.localhost/private/backups/20250403_000006-scheduling_localhost-site_config_backup.json 127.0B
Database: /home/netomil/frappe-bench/sites/scheduling.localhost/private/backups/20250403_000006-scheduling_localhost-database.sql.gz 235.8KiB
Backup for Site scheduling.localhost has been successfully completed
set -o pipefail; /usr/bin/mariadb-dump --user=_c27008045f8d09d2 --host=127.0.0.1 --port=3306 --password=********** --single-transaction --quick --lock-tables=false _c27008045f8d09d2 | /usr/bin/gzip >> ./scheduling.localhost/private/backups/20250403_060004-scheduling_localhost-database.sql.gz

Backup Summary for scheduling.localhost at 2025-04-03 06:00:06.115332
Config  : /home/netomil/frappe-bench/sites/scheduling.localhost/private/backups/20250403_060004-scheduling_localhost-site_config_backup.json 127.0B
Database: /home/netomil/frappe-bench/sites/scheduling.localhost/private/backups/20250403_060004-scheduling_localhost-database.sql.gz 263.2KiB
Backup for Site scheduling.localhost has been successfully completed
set -o pipefail; /usr/bin/mariadb-dump --user=_c27008045f8d09d2 --host=127.0.0.1 --port=3306 --password=********** --single-transaction --quick --lock-tables=false _c27008045f8d09d2 | /usr/bin/gzip >> ./scheduling.localhost/private/backups/20250404_000007-scheduling_localhost-database.sql.gz

Backup Summary for scheduling.localhost at 2025-04-04 00:00:08.584536
Config  : /home/netomil/frappe-bench/sites/scheduling.localhost/private/backups/20250404_000007-scheduling_localhost-site_config_backup.json 127.0B
Database: /home/netomil/frappe-bench/sites/scheduling.localhost/private/backups/20250404_000007-scheduling_localhost-database.sql.gz 272.0KiB
Backup for Site scheduling.localhost has been successfully completed
